<?xml version="1.0" encoding="UTF-8"?>
<testsuite name="TestSuite" time="16.053" tests="2" errors="0" skipped="0" failures="1">
  <properties>
[...]
</properties>
  <testcase name="TitleVerification" classname="testNG.Practice" time="5.653"/>
  <testcase name="CartVerification" classname="testNG.Practice" time="10.4">
    <failure message="expected [3] but found [x 3]" type="java.lang.AssertionError">java.lang.AssertionError: expected [3] but found [x 3]
	at org.testng.Assert.fail(Assert.java:96)
	at org.testng.Assert.failNotEquals(Assert.java:776)
	at org.testng.Assert.assertEqualsImpl(Assert.java:137)
	at org.testng.Assert.assertEquals(Assert.java:118)
	at org.testng.Assert.assertEquals(Assert.java:453)
	at org.testng.Assert.assertEquals(Assert.java:463)
	at testNG.Practice.CartVerification(Practice.java:65)
</failure>
    <system-out>iPhone
</system-out>
  </testcase>
</testsuite>